Using pre-set license
Built from '2022.3/release' branch; Version is '2022.3.18f1 (d29bea25151d) revision 13802474'; Using compiler version '192829333'; Build Type 'Release'
OS: 'Windows 11  (10.0.22631) 64bit Professional' Language: 'en' Physical Memory: 24277 MB
BatchMode: 1, IsHumanControllingUs: 0, StartBugReporterOnCrash: 0, Is64bit: 1, IsPro: 1

COMMAND LINE ARGUMENTS:
C:\Program Files\Unity\Hub\Editor\2022.3.18f1\Editor\Unity.exe
-adb2
-batchMode
-noUpm
-name
AssetImportWorker2
-projectPath
D:/Solana
-logFile
Logs/AssetImportWorker2.log
-srvPort
57893
Successfully changed project path to: D:/Solana
D:/Solana
[UnityMemory] Configuration Parameters - Can be set up in boot.config
    "memorysetup-bucket-allocator-granularity=16"
    "memorysetup-bucket-allocator-bucket-count=8"
    "memorysetup-bucket-allocator-block-size=33554432"
    "memorysetup-bucket-allocator-block-count=8"
    "memorysetup-main-allocator-block-size=16777216"
    "memorysetup-thread-allocator-block-size=16777216"
    "memorysetup-gfx-main-allocator-block-size=16777216"
    "memorysetup-gfx-thread-allocator-block-size=16777216"
    "memorysetup-cache-allocator-block-size=4194304"
    "memorysetup-typetree-allocator-block-size=2097152"
    "memorysetup-profiler-bucket-allocator-granularity=16"
    "memorysetup-profiler-bucket-allocator-bucket-count=8"
    "memorysetup-profiler-bucket-allocator-block-size=33554432"
    "memorysetup-profiler-bucket-allocator-block-count=8"
    "memorysetup-profiler-allocator-block-size=16777216"
    "memorysetup-profiler-editor-allocator-block-size=1048576"
    "memorysetup-temp-allocator-size-main=16777216"
    "memorysetup-job-temp-allocator-block-size=2097152"
    "memorysetup-job-temp-allocator-block-size-background=1048576"
    "memorysetup-job-temp-allocator-reduction-small-platforms=262144"
    "memorysetup-allocator-temp-initial-block-size-main=262144"
    "memorysetup-allocator-temp-initial-block-size-worker=262144"
    "memorysetup-temp-allocator-size-background-worker=32768"
    "memorysetup-temp-allocator-size-job-worker=262144"
    "memorysetup-temp-allocator-size-preload-manager=33554432"
    "memorysetup-temp-allocator-size-nav-mesh-worker=65536"
    "memorysetup-temp-allocator-size-audio-worker=65536"
    "memorysetup-temp-allocator-size-cloud-worker=32768"
    "memorysetup-temp-allocator-size-gi-baking-worker=262144"
    "memorysetup-temp-allocator-size-gfx=262144"
Player connection [31044] Host "[IP] 192.168.68.113 [Port] 0 [Flags] 2 [Guid] 4025143322 [EditorId] 4025143322 [Version] 1048832 [Id] WindowsEditor(7,DESKTOP-GFGOOKK) [Debug] 1 [PackageName] WindowsEditor [ProjectName] Editor" joined multi-casting on [225.0.0.222:54997]...

Player connection [31044] Host "[IP] 192.168.68.113 [Port] 0 [Flags] 2 [Guid] 4025143322 [EditorId] 4025143322 [Version] 1048832 [Id] WindowsEditor(7,DESKTOP-GFGOOKK) [Debug] 1 [PackageName] WindowsEditor [ProjectName] Editor" joined alternative multi-casting on [225.0.0.222:34997]...

[Physics::Module] Initialized MultithreadedJobDispatcher with 11 workers.
Refreshing native plugins compatible for Editor in 7.14 ms, found 2 plugins.
Preloading 0 native plugins for Editor in 0.00 ms.
Initialize engine version: 2022.3.18f1 (d29bea25151d)
[Subsystems] Discovering subsystems at path C:/Program Files/Unity/Hub/Editor/2022.3.18f1/Editor/Data/Resources/UnitySubsystems
[Subsystems] Discovering subsystems at path D:/Solana/Assets
GfxDevice: creating device client; threaded=0; jobified=0
Direct3D:
    Version:  Direct3D 11.0 [level 11.1]
    Renderer: NVIDIA GeForce GTX 1650 with Max-Q Design (ID=0x1f9d)
    Vendor:   NVIDIA
    VRAM:     3938 MB
    Driver:   32.0.15.5599
Initialize mono
Mono path[0] = 'C:/Program Files/Unity/Hub/Editor/2022.3.18f1/Editor/Data/Managed'
Mono path[1] = 'C:/Program Files/Unity/Hub/Editor/2022.3.18f1/Editor/Data/MonoBleedingEdge/lib/mono/unityjit-win32'
Mono config path = 'C:/Program Files/Unity/Hub/Editor/2022.3.18f1/Editor/Data/MonoBleedingEdge/etc'
Using monoOptions --debugger-agent=transport=dt_socket,embedding=1,server=y,suspend=n,address=127.0.0.1:56076
Begin MonoManager ReloadAssembly
Registering precompiled unity dll's ...
Register platform support module: C:/Program Files/Unity/Hub/Editor/2022.3.18f1/Editor/Data/PlaybackEngines/WebGLSupport/UnityEditor.WebGL.Extensions.dll
Register platform support module: C:/Program Files/Unity/Hub/Editor/2022.3.18f1/Editor/Data/PlaybackEngines/WindowsStandaloneSupport/UnityEditor.WindowsStandalone.Extensions.dll
Registered in 0.005584 seconds.
- Loaded All Assemblies, in  0.325 seconds
Native extension for WindowsStandalone target not found
Native extension for WebGL target not found
Mono: successfully reloaded assembly
- Finished resetting the current domain, in  0.260 seconds
Domain Reload Profiling: 585ms
	BeginReloadAssembly (96ms)
		ExecutionOrderSort (0ms)
		DisableScriptedObjects (0ms)
		BackupInstance (0ms)
		ReleaseScriptingObjects (0ms)
		CreateAndSetChildDomain (1ms)
	RebuildCommonClasses (31ms)
	RebuildNativeTypeToScriptingClass (15ms)
	initialDomainReloadingComplete (50ms)
	LoadAllAssembliesAndSetupDomain (133ms)
		LoadAssemblies (94ms)
		RebuildTransferFunctionScriptingTraits (0ms)
		AnalyzeDomain (131ms)
			TypeCache.Refresh (130ms)
				TypeCache.ScanAssembly (119ms)
			ScanForSourceGeneratedMonoScriptInfo (0ms)
			ResolveRequiredComponents (0ms)
	FinalizeReload (260ms)
		ReleaseScriptCaches (0ms)
		RebuildScriptCaches (0ms)
		SetupLoadedEditorAssemblies (205ms)
			LogAssemblyErrors (0ms)
			InitializePlatformSupportModulesInManaged (8ms)
			SetLoadedEditorAssemblies (5ms)
			RefreshPlugins (0ms)
			BeforeProcessingInitializeOnLoad (2ms)
			ProcessInitializeOnLoadAttributes (141ms)
			ProcessInitializeOnLoadMethodAttributes (48ms)
			AfterProcessingInitializeOnLoad (0ms)
			EditorAssembliesLoaded (0ms)
		ExecutionOrderSort2 (0ms)
		AwakeInstancesAfterBackupRestoration (0ms)
========================================================================
Worker process is ready to serve import requests
Begin MonoManager ReloadAssembly
Symbol file LoadedFromMemory is not a mono symbol file
- Loaded All Assemblies, in  0.546 seconds
Refreshing native plugins compatible for Editor in 5.52 ms, found 2 plugins.
Native extension for WindowsStandalone target not found
Native extension for WebGL target not found
Package Manager log level set to [2]
[Package Manager] Server::EnsureServerProcessIsRunning -- launch failed, reason: Unity was launched with the -noUpm command-line argument
[Package Manager] UpmClient::Send -- Unable to send message (not connected to UPM process).
[Package Manager] Cannot connect to Unity Package Manager local server
Mono: successfully reloaded assembly
- Finished resetting the current domain, in  0.723 seconds
Domain Reload Profiling: 1269ms
	BeginReloadAssembly (139ms)
		ExecutionOrderSort (0ms)
		DisableScriptedObjects (5ms)
		BackupInstance (0ms)
		ReleaseScriptingObjects (0ms)
		CreateAndSetChildDomain (21ms)
	RebuildCommonClasses (30ms)
	RebuildNativeTypeToScriptingClass (9ms)
	initialDomainReloadingComplete (32ms)
	LoadAllAssembliesAndSetupDomain (335ms)
		LoadAssemblies (291ms)
		RebuildTransferFunctionScriptingTraits (0ms)
		AnalyzeDomain (124ms)
			TypeCache.Refresh (99ms)
				TypeCache.ScanAssembly (83ms)
			ScanForSourceGeneratedMonoScriptInfo (18ms)
			ResolveRequiredComponents (6ms)
	FinalizeReload (724ms)
		ReleaseScriptCaches (0ms)
		RebuildScriptCaches (0ms)
		SetupLoadedEditorAssemblies (581ms)
			LogAssemblyErrors (0ms)
			InitializePlatformSupportModulesInManaged (12ms)
			SetLoadedEditorAssemblies (6ms)
			RefreshPlugins (0ms)
			BeforeProcessingInitializeOnLoad (89ms)
			ProcessInitializeOnLoadAttributes (323ms)
			ProcessInitializeOnLoadMethodAttributes (147ms)
			AfterProcessingInitializeOnLoad (4ms)
			EditorAssembliesLoaded (0ms)
		ExecutionOrderSort2 (0ms)
		AwakeInstancesAfterBackupRestoration (6ms)
Launched and connected shader compiler UnityShaderCompiler.exe after 0.03 seconds
Refreshing native plugins compatible for Editor in 3.68 ms, found 2 plugins.
Preloading 0 native plugins for Editor in 0.00 ms.
Unloading 2785 Unused Serialized files (Serialized files now loaded: 0)
Unloading 78 unused Assets / (241.2 KB). Loaded Objects now: 3213.
Memory consumption went from 128.3 MB to 128.0 MB.
Total: 6.379400 ms (FindLiveObjects: 0.223200 ms CreateObjectMapping: 0.059900 ms MarkObjects: 5.905000 ms  DeleteObjects: 0.190000 ms)

AssetImportParameters requested are different than current active one (requested -> active):
  custom:video-decoder-webm-vp8: 9c59270c3fd7afecdb556c50c9e8de78 -> 
  custom:SearchIndexIgnoredProperties: e643bd26f0fe6173181afceb89e7c659 -> 
  custom:container-demuxer-ogg: 62fdf1f143b41e24485cea50d1cbac27 -> 
  custom:AudioImporter_EditorPlatform: d09bf68614088b80899f8185d706f6e7 -> 
  custom:video-decoder-ogg-theora: a1e56fd34408186e4bbccfd4996cb3dc -> 
  custom:framework-win-MediaFoundation: 216162199b28c13a410421893ffa2e32 -> 
  custom:video-encoder-webm-vp8: eb34c28f22e8b96e1ab97ce403110664 -> 
  custom:audio-decoder-ogg-vorbis: bf7c407c2cedff20999df2af8eb42d56 -> 
  custom:CustomObjectIndexerAttribute: 6d391050e5a25f67b0a2c618074f2cd9 -> 
  custom:container-demuxer-webm: 4f35f7cbe854078d1ac9338744f61a02 -> 
  custom:audio-encoder-webm-vorbis: bf7c407c2cedff20999df2af8eb42d56 -> 
  custom:container-muxer-webm: aa71ff27fc2769a1b78a27578f13a17b -> 
========================================================================
Received Import Request.
  Time since last request: 696411.094983 seconds.
  path: Assets/Standard Assets/CrossPlatformInput/Sprites/ButtonBrakeUpSprite.png
  artifactKey: Guid(827c9cd4a3943534f909ac6473e17288) Importer(815301076,1909f56bfc062723c751e8b465ee728b)
Start importing Assets/Standard Assets/CrossPlatformInput/Sprites/ButtonBrakeUpSprite.png using Guid(827c9cd4a3943534f909ac6473e17288) Importer(815301076,1909f56bfc062723c751e8b465ee728b)  -> (artifact id: '29a19b3b2790f0c07d773e52d50002df') in 0.093162 seconds
Number of updated asset objects reloaded before import = 0
Number of asset objects unloaded after import = 3
========================================================================
Received Import Request.
  Time since last request: 0.000026 seconds.
  path: Assets/MyUI/new skins/Solana/Solana-_0002_Eye-.png
  artifactKey: Guid(7f414b5647280f445ac72221b6e22174) Importer(815301076,1909f56bfc062723c751e8b465ee728b)
Start importing Assets/MyUI/new skins/Solana/Solana-_0002_Eye-.png using Guid(7f414b5647280f445ac72221b6e22174) Importer(815301076,1909f56bfc062723c751e8b465ee728b)  -> (artifact id: '83d0c5222b2097ca4d367b6c8b537b9b') in 0.026055 seconds
Number of updated asset objects reloaded before import = 0
Number of asset objects unloaded after import = 3
========================================================================
Received Import Request.
  Time since last request: 0.000015 seconds.
  path: Assets/Sprites/RedRunner/Water/image 1.png
  artifactKey: Guid(8bbf3e74136299d41ac0004840565ca5) Importer(815301076,1909f56bfc062723c751e8b465ee728b)
Start importing Assets/Sprites/RedRunner/Water/image 1.png using Guid(8bbf3e74136299d41ac0004840565ca5) Importer(815301076,1909f56bfc062723c751e8b465ee728b)  -> (artifact id: 'c433e6faded9225603b40ff18f7186bb') in 0.017931 seconds
Number of updated asset objects reloaded before import = 0
Number of asset objects unloaded after import = 3
========================================================================
Received Import Request.
  Time since last request: 0.000017 seconds.
  path: Assets/MyUI/new skins/Solana/Solana-_0004_Left-Arm.png
  artifactKey: Guid(f4cefa15dbcbac44a8fdd3603448cdb8) Importer(815301076,1909f56bfc062723c751e8b465ee728b)
Start importing Assets/MyUI/new skins/Solana/Solana-_0004_Left-Arm.png using Guid(f4cefa15dbcbac44a8fdd3603448cdb8) Importer(815301076,1909f56bfc062723c751e8b465ee728b)  -> (artifact id: '89bc08e8c6e08c2f3b386f63adcc680a') in 0.016504 seconds
Number of updated asset objects reloaded before import = 0
Number of asset objects unloaded after import = 3
========================================================================
Received Import Request.
  Time since last request: 0.000018 seconds.
  path: Assets/MyUI/new skins/Solana/Solana-_0001_Right-Arm.png
  artifactKey: Guid(303c28738d3cf314da880bc66d9a3133) Importer(815301076,1909f56bfc062723c751e8b465ee728b)
Start importing Assets/MyUI/new skins/Solana/Solana-_0001_Right-Arm.png using Guid(303c28738d3cf314da880bc66d9a3133) Importer(815301076,1909f56bfc062723c751e8b465ee728b)  -> (artifact id: '657a88463c4327a91b721458e61fb351') in 0.020320 seconds
Number of updated asset objects reloaded before import = 0
Number of asset objects unloaded after import = 3
========================================================================
Received Import Request.
  Time since last request: 0.000017 seconds.
  path: Assets/Standard Assets/CrossPlatformInput/Sprites/ButtonThumbstickOverSprite.png
  artifactKey: Guid(5485e2f56028a3c4cb54f5caa167377e) Importer(815301076,1909f56bfc062723c751e8b465ee728b)
Start importing Assets/Standard Assets/CrossPlatformInput/Sprites/ButtonThumbstickOverSprite.png using Guid(5485e2f56028a3c4cb54f5caa167377e) Importer(815301076,1909f56bfc062723c751e8b465ee728b)  -> (artifact id: 'f30bd1a7707eea0d148da899b98f57a1') in 0.017918 seconds
Number of updated asset objects reloaded before import = 0
Number of asset objects unloaded after import = 3
========================================================================
Received Import Request.
  Time since last request: 0.000021 seconds.
  path: Assets/Sprites/RedRunner/Environment/All/4x/Asset 2.png
  artifactKey: Guid(9d917e5aaa2b162408d5f16f0c1f3a1d) Importer(815301076,1909f56bfc062723c751e8b465ee728b)
Start importing Assets/Sprites/RedRunner/Environment/All/4x/Asset 2.png using Guid(9d917e5aaa2b162408d5f16f0c1f3a1d) Importer(815301076,1909f56bfc062723c751e8b465ee728b)  -> (artifact id: 'e31776bc77c185a70472e66d33a8caf5') in 0.018642 seconds
Number of updated asset objects reloaded before import = 0
Number of asset objects unloaded after import = 3
========================================================================
Received Import Request.
  Time since last request: 0.000042 seconds.
  path: Assets/MyUI/new skins/Halloween Pngs/Halloween Pngs/Hand-left.png
  artifactKey: Guid(875a52591581f814eb311643c9c0f86e) Importer(815301076,1909f56bfc062723c751e8b465ee728b)
Start importing Assets/MyUI/new skins/Halloween Pngs/Halloween Pngs/Hand-left.png using Guid(875a52591581f814eb311643c9c0f86e) Importer(815301076,1909f56bfc062723c751e8b465ee728b)  -> (artifact id: 'ef2eae9a8055d6070c379d7eca5169b6') in 0.018813 seconds
Number of updated asset objects reloaded before import = 0
Number of asset objects unloaded after import = 3
========================================================================
Received Import Request.
  Time since last request: 0.000026 seconds.
  path: Assets/Sprites/RedRunner/Environment/Asset 1.png
  artifactKey: Guid(98260e2e8746a994fa629fb7140b649d) Importer(815301076,1909f56bfc062723c751e8b465ee728b)
Start importing Assets/Sprites/RedRunner/Environment/Asset 1.png using Guid(98260e2e8746a994fa629fb7140b649d) Importer(815301076,1909f56bfc062723c751e8b465ee728b)  -> (artifact id: '7c170ffb6f0c1fb5dbe2231bc61645df') in 0.019917 seconds
Number of updated asset objects reloaded before import = 0
Number of asset objects unloaded after import = 3
========================================================================
Received Import Request.
  Time since last request: 0.000018 seconds.
  path: Assets/MyUI/new skins/Halloween Pngs/Halloween Pngs/Arm-left.png
  artifactKey: Guid(0acf8c9fd7f6992419faa600d66e0156) Importer(815301076,1909f56bfc062723c751e8b465ee728b)
Start importing Assets/MyUI/new skins/Halloween Pngs/Halloween Pngs/Arm-left.png using Guid(0acf8c9fd7f6992419faa600d66e0156) Importer(815301076,1909f56bfc062723c751e8b465ee728b)  -> (artifact id: 'f36376c2ffba1d7cd0dda40e481f4024') in 0.022559 seconds
Number of updated asset objects reloaded before import = 0
Number of asset objects unloaded after import = 3
========================================================================
Received Import Request.
  Time since last request: 0.000017 seconds.
  path: Assets/Sprites/RedRunner/Environment/All/2x/Asset 1.png
  artifactKey: Guid(e0b90ab4910e6854383635ed2442134b) Importer(815301076,1909f56bfc062723c751e8b465ee728b)
Start importing Assets/Sprites/RedRunner/Environment/All/2x/Asset 1.png using Guid(e0b90ab4910e6854383635ed2442134b) Importer(815301076,1909f56bfc062723c751e8b465ee728b)  -> (artifact id: '0d5ff757143d080a123adcd959cdba0b') in 0.020624 seconds
Number of updated asset objects reloaded before import = 0
Number of asset objects unloaded after import = 3
========================================================================
Received Import Request.
  Time since last request: 0.000017 seconds.
  path: Assets/Sprites/RedRunner/Icons/Icon_256.png
  artifactKey: Guid(78d53f315bacfa544b5682dd2907f815) Importer(815301076,1909f56bfc062723c751e8b465ee728b)
Start importing Assets/Sprites/RedRunner/Icons/Icon_256.png using Guid(78d53f315bacfa544b5682dd2907f815) Importer(815301076,1909f56bfc062723c751e8b465ee728b)  -> (artifact id: '96825cfb5f86a7696c3e4f705a02edd5') in 0.017137 seconds
Number of updated asset objects reloaded before import = 0
Number of asset objects unloaded after import = 3
========================================================================
Received Import Request.
  Time since last request: 0.000014 seconds.
  path: Assets/Standard Assets/CrossPlatformInput/Sprites/SliderHandleSprite.png
  artifactKey: Guid(0626b924325d1c34cafa6b22297f4e4f) Importer(815301076,1909f56bfc062723c751e8b465ee728b)
Start importing Assets/Standard Assets/CrossPlatformInput/Sprites/SliderHandleSprite.png using Guid(0626b924325d1c34cafa6b22297f4e4f) Importer(815301076,1909f56bfc062723c751e8b465ee728b)  -> (artifact id: '0884b6d9e91564e7eeec9c7b6612bebc') in 0.018570 seconds
Number of updated asset objects reloaded before import = 0
Number of asset objects unloaded after import = 3
========================================================================
Received Import Request.
  Time since last request: 0.000015 seconds.
  path: Assets/Standard Assets/CrossPlatformInput/Sprites/ButtonTimescaleSlowUpSprite.png
  artifactKey: Guid(9d7c6e4896067aa4fa512a00f692ac1c) Importer(815301076,1909f56bfc062723c751e8b465ee728b)
Start importing Assets/Standard Assets/CrossPlatformInput/Sprites/ButtonTimescaleSlowUpSprite.png using Guid(9d7c6e4896067aa4fa512a00f692ac1c) Importer(815301076,1909f56bfc062723c751e8b465ee728b)  -> (artifact id: 'effcd827eb442519c07ece2503d2dc4c') in 0.020005 seconds
Number of updated asset objects reloaded before import = 0
Number of asset objects unloaded after import = 3
========================================================================
Received Import Request.
  Time since last request: 0.000015 seconds.
  path: Assets/MyUI/new skins/robot/robot_0005_Left-Arm.png
  artifactKey: Guid(36e6cf4b67a8e584f93c256bffecca10) Importer(815301076,1909f56bfc062723c751e8b465ee728b)
Start importing Assets/MyUI/new skins/robot/robot_0005_Left-Arm.png using Guid(36e6cf4b67a8e584f93c256bffecca10) Importer(815301076,1909f56bfc062723c751e8b465ee728b)  -> (artifact id: 'ef54da712e9ac125c3c0c1f86315cd36') in 0.014612 seconds
Number of updated asset objects reloaded before import = 0
Number of asset objects unloaded after import = 3
========================================================================
Received Import Request.
  Time since last request: 0.000022 seconds.
  path: Assets/Standard Assets/CrossPlatformInput/Sprites/ButtonThumbstickUpSprite.png
  artifactKey: Guid(9866a92691696b346901281f2b329034) Importer(815301076,1909f56bfc062723c751e8b465ee728b)
Start importing Assets/Standard Assets/CrossPlatformInput/Sprites/ButtonThumbstickUpSprite.png using Guid(9866a92691696b346901281f2b329034) Importer(815301076,1909f56bfc062723c751e8b465ee728b)  -> (artifact id: 'd70a093260735d35cc9a3c99d2cede50') in 0.015987 seconds
Number of updated asset objects reloaded before import = 0
Number of asset objects unloaded after import = 3
========================================================================
Received Import Request.
  Time since last request: 0.000020 seconds.
  path: Assets/MyUI/new skins/Halloween Pngs/Halloween Pngs/Hand-right.png
  artifactKey: Guid(75ee92f1a0a1dc142bdf9a6c83438d0e) Importer(815301076,1909f56bfc062723c751e8b465ee728b)
Start importing Assets/MyUI/new skins/Halloween Pngs/Halloween Pngs/Hand-right.png using Guid(75ee92f1a0a1dc142bdf9a6c83438d0e) Importer(815301076,1909f56bfc062723c751e8b465ee728b)  -> (artifact id: '6d5797d8a79457cb2a4155e2d5abad0d') in 0.015487 seconds
Number of updated asset objects reloaded before import = 0
Number of asset objects unloaded after import = 3
========================================================================
Received Import Request.
  Time since last request: 0.000016 seconds.
  path: Assets/Sprites/RedRunner/Icons/Icon_128.png
  artifactKey: Guid(7d686e549e526eb4c88c262f676f30e5) Importer(815301076,1909f56bfc062723c751e8b465ee728b)
Start importing Assets/Sprites/RedRunner/Icons/Icon_128.png using Guid(7d686e549e526eb4c88c262f676f30e5) Importer(815301076,1909f56bfc062723c751e8b465ee728b)  -> (artifact id: '2ef670457aa6126b76967c93b3af057f') in 0.014992 seconds
Number of updated asset objects reloaded before import = 0
Number of asset objects unloaded after import = 3
========================================================================
Received Import Request.
  Time since last request: 0.000021 seconds.
  path: Assets/Sprites/RedRunner/Coin/image 1.png
  artifactKey: Guid(ed89f6456e9ad6743a196308b8756c93) Importer(815301076,1909f56bfc062723c751e8b465ee728b)
Start importing Assets/Sprites/RedRunner/Coin/image 1.png using Guid(ed89f6456e9ad6743a196308b8756c93) Importer(815301076,1909f56bfc062723c751e8b465ee728b)  -> (artifact id: '559c7af95e9f651c493850ff0e56d63b') in 0.017383 seconds
Number of updated asset objects reloaded before import = 0
Number of asset objects unloaded after import = 3
========================================================================
Received Import Request.
  Time since last request: 2.376751 seconds.
  path: Assets/MyUI/new skins/robot/robot_0000_Right-Hand.png
  artifactKey: Guid(ffdfb1e021447644da87d5ef3d456eb0) Importer(815301076,1909f56bfc062723c751e8b465ee728b)
Start importing Assets/MyUI/new skins/robot/robot_0000_Right-Hand.png using Guid(ffdfb1e021447644da87d5ef3d456eb0) Importer(815301076,1909f56bfc062723c751e8b465ee728b)  -> (artifact id: '2e3246f71b9ff1073cc82b75ea314ee0') in 0.015589 seconds
Number of updated asset objects reloaded before import = 0
Number of asset objects unloaded after import = 3
========================================================================
Received Import Request.
  Time since last request: 0.006707 seconds.
  path: Assets/Sprites/RedRunner/Characters/yellow/Right Arm.png
  artifactKey: Guid(5648939be93782c418aa9affb4ee2f74) Importer(815301076,1909f56bfc062723c751e8b465ee728b)
Start importing Assets/Sprites/RedRunner/Characters/yellow/Right Arm.png using Guid(5648939be93782c418aa9affb4ee2f74) Importer(815301076,1909f56bfc062723c751e8b465ee728b)  -> (artifact id: '3ccd31870df78468a85d7d726f7f3d74') in 0.013188 seconds
Number of updated asset objects reloaded before import = 0
Number of asset objects unloaded after import = 3
========================================================================
Received Import Request.
  Time since last request: 0.000016 seconds.
  path: Assets/Sprites/RedRunner/Characters/puple/Right Foot.png
  artifactKey: Guid(9ebb4c6425dfd8e459c7401819cf5f56) Importer(815301076,1909f56bfc062723c751e8b465ee728b)
Start importing Assets/Sprites/RedRunner/Characters/puple/Right Foot.png using Guid(9ebb4c6425dfd8e459c7401819cf5f56) Importer(815301076,1909f56bfc062723c751e8b465ee728b)  -> (artifact id: '6d150cdf0694c9f1a147e03ea9d11f3c') in 0.013620 seconds
Number of updated asset objects reloaded before import = 0
Number of asset objects unloaded after import = 3
========================================================================
Received Import Request.
  Time since last request: 0.000016 seconds.
  path: Assets/Sprites/RedRunner/Characters/yellow/Right Hand.png
  artifactKey: Guid(09dfd4aea1759da44bac685cf92af331) Importer(815301076,1909f56bfc062723c751e8b465ee728b)
Start importing Assets/Sprites/RedRunner/Characters/yellow/Right Hand.png using Guid(09dfd4aea1759da44bac685cf92af331) Importer(815301076,1909f56bfc062723c751e8b465ee728b)  -> (artifact id: '6e10781e33bd04e1d37e38e429e0ea47') in 0.009997 seconds
Number of updated asset objects reloaded before import = 0
Number of asset objects unloaded after import = 3
========================================================================
Received Import Request.
  Time since last request: 0.000015 seconds.
  path: Assets/Sprites/RedRunner/Characters/Red/Right Arm.png
  artifactKey: Guid(1f792f3efb6ab754985a7cd8cf2d07c8) Importer(815301076,1909f56bfc062723c751e8b465ee728b)
Start importing Assets/Sprites/RedRunner/Characters/Red/Right Arm.png using Guid(1f792f3efb6ab754985a7cd8cf2d07c8) Importer(815301076,1909f56bfc062723c751e8b465ee728b)  -> (artifact id: 'daac02a45e0e8b0f8b26ed1713465f26') in 0.015132 seconds
Number of updated asset objects reloaded before import = 0
Number of asset objects unloaded after import = 3
========================================================================
Received Import Request.
  Time since last request: 0.000075 seconds.
  path: Assets/Sprites/RedRunner/Tiles_256/GrassJoinHillRight&Left2_Down Shadow.png
  artifactKey: Guid(36eff0c380c2fe546b7461601115892c) Importer(815301076,1909f56bfc062723c751e8b465ee728b)
Start importing Assets/Sprites/RedRunner/Tiles_256/GrassJoinHillRight&Left2_Down Shadow.png using Guid(36eff0c380c2fe546b7461601115892c) Importer(815301076,1909f56bfc062723c751e8b465ee728b)  -> (artifact id: '58f597fbefcc0b90bc6997f71a348eb1') in 0.090068 seconds
Number of updated asset objects reloaded before import = 0
Number of asset objects unloaded after import = 71
========================================================================
Received Import Request.
  Time since last request: 0.000029 seconds.
  path: Assets/Sprites/RedRunner/Tiles_256/GrassLeft.png
  artifactKey: Guid(a03ff075effc3444c9da1ff449be74cf) Importer(815301076,1909f56bfc062723c751e8b465ee728b)
Start importing Assets/Sprites/RedRunner/Tiles_256/GrassLeft.png using Guid(a03ff075effc3444c9da1ff449be74cf) Importer(815301076,1909f56bfc062723c751e8b465ee728b)  -> (artifact id: 'b23d63f9fcd557dca0a6821022f95254') in 0.019041 seconds
Number of updated asset objects reloaded before import = 0
Number of asset objects unloaded after import = 71
========================================================================
Received Import Request.
  Time since last request: 0.000024 seconds.
  path: Assets/Sprites/RedRunner/Tiles_256/GrassJoinHillRight2.png
  artifactKey: Guid(b756cba34a7db9e42879efebc5dd68ab) Importer(815301076,1909f56bfc062723c751e8b465ee728b)
Start importing Assets/Sprites/RedRunner/Tiles_256/GrassJoinHillRight2.png using Guid(b756cba34a7db9e42879efebc5dd68ab) Importer(815301076,1909f56bfc062723c751e8b465ee728b)  -> (artifact id: '4d60edbde0a9cb70db69635faa470633') in 0.035737 seconds
Number of updated asset objects reloaded before import = 0
Number of asset objects unloaded after import = 71
Editor requested this worker to shutdown with reason: Scaling down because of idle timeout
TcpMessagingSession - receive error: operation aborted. errorcode: 995, details: The I/O operation has been aborted because of either a thread exit or an application request.
AssetImportWorker is now disconnected from the server
Process exiting
Exiting without the bug reporter. Application will terminate with return code 0